<?xml version="1.0" encoding="UTF-8"?>
<!-- Generated by org.testng.reporters.JUnitReportReporter -->
<testsuite hostname="DESKTOP-14HIGL5" failures="0" tests="1" name="org.test.FrameworkTEST" time="12.860" errors="0" timestamp="31 Mar 2021 16:51:56 GMT" skipped="0">
  <testcase classname="org.test.FrameworkTEST" name="details" time="12.860"/>
</testsuite> <!-- org.test.FrameworkTEST -->
